<?xml version="1.0" encoding="UTF-8"?>
<testsuite xmlns:xsi="http://www.w3.org/2001/XMLSchema-instance" xsi:noNamespaceSchemaLocation="https://maven.apache.org/surefire/maven-surefire-plugin/xsd/surefire-test-report-3.0.xsd" version="3.0" name="org.demo.baoleme.BaolemeApplicationTests" time="1.373" tests="1" errors="0" skipped="0" failures="0">
  <properties>
    <property name="java.specification.version" value="17"/>
    <property name="sun.jnu.encoding" value="UTF-8"/>
    <property name="java.class.path" value="/Users/mawenban/Desktop/Yuan/GitHub-res/Baoleme/Baoleme/target/test-classes:/Users/mawenban/Desktop/Yuan/GitHub-res/Baoleme/Baoleme/target/classes:/Users/mawenban/tools/apache-maven-3.9.9/mvn_repo/org/springframework/boot/spring-boot-starter-web/3.1.5/spring-boot-starter-web-3.1.5.jar:/Users/mawenban/tools/apache-maven-3.9.9/mvn_repo/org/springframework/boot/spring-boot-starter/3.1.5/spring-boot-starter-3.1.5.jar:/Users/mawenban/tools/apache-maven-3.9.9/mvn_repo/org/springframework/boot/spring-boot/3.1.5/spring-boot-3.1.5.jar:/Users/mawenban/tools/apache-maven-3.9.9/mvn_repo/org/springframework/boot/spring-boot-starter-logging/3.1.5/spring-boot-starter-logging-3.1.5.jar:/Users/mawenban/tools/apache-maven-3.9.9/mvn_repo/ch/qos/logback/logback-classic/1.4.11/logback-classic-1.4.11.jar:/Users/mawenban/tools/apache-maven-3.9.9/mvn_repo/ch/qos/logback/logback-core/1.4.11/logback-core-1.4.11.jar:/Users/mawenban/tools/apache-maven-3.9.9/mvn_repo/org/apache/logging/log4j/log4j-to-slf4j/2.20.0/log4j-to-slf4j-2.20.0.jar:/Users/mawenban/tools/apache-maven-3.9.9/mvn_repo/org/apache/logging/log4j/log4j-api/2.20.0/log4j-api-2.20.0.jar:/Users/mawenban/tools/apache-maven-3.9.9/mvn_repo/org/slf4j/jul-to-slf4j/2.0.9/jul-to-slf4j-2.0.9.jar:/Users/mawenban/tools/apache-maven-3.9.9/mvn_repo/jakarta/annotation/jakarta.annotation-api/2.1.1/jakarta.annotation-api-2.1.1.jar:/Users/mawenban/tools/apache-maven-3.9.9/mvn_repo/org/yaml/snakeyaml/1.33/snakeyaml-1.33.jar:/Users/mawenban/tools/apache-maven-3.9.9/mvn_repo/org/springframework/boot/spring-boot-starter-json/3.1.5/spring-boot-starter-json-3.1.5.jar:/Users/mawenban/tools/apache-maven-3.9.9/mvn_repo/com/fasterxml/jackson/datatype/jackson-datatype-jdk8/2.15.3/jackson-datatype-jdk8-2.15.3.jar:/Users/mawenban/tools/apache-maven-3.9.9/mvn_repo/com/fasterxml/jackson/datatype/jackson-datatype-jsr310/2.15.3/jackson-datatype-jsr310-2.15.3.jar:/Users/mawenban/tools/apache-maven-3.9.9/mvn_repo/com/fasterxml/jackson/module/jackson-module-parameter-names/2.15.3/jackson-module-parameter-names-2.15.3.jar:/Users/mawenban/tools/apache-maven-3.9.9/mvn_repo/org/springframework/boot/spring-boot-starter-tomcat/3.1.5/spring-boot-starter-tomcat-3.1.5.jar:/Users/mawenban/tools/apache-maven-3.9.9/mvn_repo/org/apache/tomcat/embed/tomcat-embed-core/10.1.15/tomcat-embed-core-10.1.15.jar:/Users/mawenban/tools/apache-maven-3.9.9/mvn_repo/org/apache/tomcat/embed/tomcat-embed-el/10.1.15/tomcat-embed-el-10.1.15.jar:/Users/mawenban/tools/apache-maven-3.9.9/mvn_repo/org/apache/tomcat/embed/tomcat-embed-websocket/10.1.15/tomcat-embed-websocket-10.1.15.jar:/Users/mawenban/tools/apache-maven-3.9.9/mvn_repo/org/springframework/spring-web/6.0.13/spring-web-6.0.13.jar:/Users/mawenban/tools/apache-maven-3.9.9/mvn_repo/org/springframework/spring-beans/6.0.13/spring-beans-6.0.13.jar:/Users/mawenban/tools/apache-maven-3.9.9/mvn_repo/io/micrometer/micrometer-observation/1.11.5/micrometer-observation-1.11.5.jar:/Users/mawenban/tools/apache-maven-3.9.9/mvn_repo/io/micrometer/micrometer-commons/1.11.5/micrometer-commons-1.11.5.jar:/Users/mawenban/tools/apache-maven-3.9.9/mvn_repo/org/springframework/spring-webmvc/6.0.13/spring-webmvc-6.0.13.jar:/Users/mawenban/tools/apache-maven-3.9.9/mvn_repo/org/springframework/spring-context/6.0.13/spring-context-6.0.13.jar:/Users/mawenban/tools/apache-maven-3.9.9/mvn_repo/org/springframework/spring-expression/6.0.13/spring-expression-6.0.13.jar:/Users/mawenban/tools/apache-maven-3.9.9/mvn_repo/com/baomidou/mybatis-plus-boot-starter/3.5.3.1/mybatis-plus-boot-starter-3.5.3.1.jar:/Users/mawenban/tools/apache-maven-3.9.9/mvn_repo/com/baomidou/mybatis-plus/3.5.3.1/mybatis-plus-3.5.3.1.jar:/Users/mawenban/tools/apache-maven-3.9.9/mvn_repo/com/baomidou/mybatis-plus-extension/3.5.3.1/mybatis-plus-extension-3.5.3.1.jar:/Users/mawenban/tools/apache-maven-3.9.9/mvn_repo/com/baomidou/mybatis-plus-core/3.5.3.1/mybatis-plus-core-3.5.3.1.jar:/Users/mawenban/tools/apache-maven-3.9.9/mvn_repo/com/baomidou/mybatis-plus-annotation/3.5.3.1/mybatis-plus-annotation-3.5.3.1.jar:/Users/mawenban/tools/apache-maven-3.9.9/mvn_repo/com/github/jsqlparser/jsqlparser/4.4/jsqlparser-4.4.jar:/Users/mawenban/tools/apache-maven-3.9.9/mvn_repo/org/mybatis/mybatis/3.5.10/mybatis-3.5.10.jar:/Users/mawenban/tools/apache-maven-3.9.9/mvn_repo/org/mybatis/mybatis-spring/2.0.7/mybatis-spring-2.0.7.jar:/Users/mawenban/tools/apache-maven-3.9.9/mvn_repo/org/springframework/boot/spring-boot-autoconfigure/3.1.5/spring-boot-autoconfigure-3.1.5.jar:/Users/mawenban/tools/apache-maven-3.9.9/mvn_repo/org/springframework/boot/spring-boot-starter-jdbc/3.1.5/spring-boot-starter-jdbc-3.1.5.jar:/Users/mawenban/tools/apache-maven-3.9.9/mvn_repo/com/zaxxer/HikariCP/5.0.1/HikariCP-5.0.1.jar:/Users/mawenban/tools/apache-maven-3.9.9/mvn_repo/org/springframework/spring-jdbc/6.0.13/spring-jdbc-6.0.13.jar:/Users/mawenban/tools/apache-maven-3.9.9/mvn_repo/com/mysql/mysql-connector-j/8.0.33/mysql-connector-j-8.0.33.jar:/Users/mawenban/tools/apache-maven-3.9.9/mvn_repo/io/jsonwebtoken/jjwt/0.9.1/jjwt-0.9.1.jar:/Users/mawenban/tools/apache-maven-3.9.9/mvn_repo/com/fasterxml/jackson/core/jackson-databind/2.15.3/jackson-databind-2.15.3.jar:/Users/mawenban/tools/apache-maven-3.9.9/mvn_repo/com/fasterxml/jackson/core/jackson-annotations/2.15.3/jackson-annotations-2.15.3.jar:/Users/mawenban/tools/apache-maven-3.9.9/mvn_repo/com/fasterxml/jackson/core/jackson-core/2.15.3/jackson-core-2.15.3.jar:/Users/mawenban/tools/apache-maven-3.9.9/mvn_repo/org/springframework/boot/spring-boot-starter-security/3.1.5/spring-boot-starter-security-3.1.5.jar:/Users/mawenban/tools/apache-maven-3.9.9/mvn_repo/org/springframework/spring-aop/6.0.13/spring-aop-6.0.13.jar:/Users/mawenban/tools/apache-maven-3.9.9/mvn_repo/org/springframework/security/spring-security-config/6.1.5/spring-security-config-6.1.5.jar:/Users/mawenban/tools/apache-maven-3.9.9/mvn_repo/org/springframework/security/spring-security-core/6.1.5/spring-security-core-6.1.5.jar:/Users/mawenban/tools/apache-maven-3.9.9/mvn_repo/org/springframework/security/spring-security-crypto/6.1.5/spring-security-crypto-6.1.5.jar:/Users/mawenban/tools/apache-maven-3.9.9/mvn_repo/org/springframework/security/spring-security-web/6.1.5/spring-security-web-6.1.5.jar:/Users/mawenban/tools/apache-maven-3.9.9/mvn_repo/org/projectlombok/lombok/1.18.30/lombok-1.18.30.jar:/Users/mawenban/tools/apache-maven-3.9.9/mvn_repo/org/springframework/boot/spring-boot-starter-test/3.1.5/spring-boot-starter-test-3.1.5.jar:/Users/mawenban/tools/apache-maven-3.9.9/mvn_repo/org/springframework/boot/spring-boot-test/3.1.5/spring-boot-test-3.1.5.jar:/Users/mawenban/tools/apache-maven-3.9.9/mvn_repo/org/springframework/boot/spring-boot-test-autoconfigure/3.1.5/spring-boot-test-autoconfigure-3.1.5.jar:/Users/mawenban/tools/apache-maven-3.9.9/mvn_repo/com/jayway/jsonpath/json-path/2.8.0/json-path-2.8.0.jar:/Users/mawenban/tools/apache-maven-3.9.9/mvn_repo/org/slf4j/slf4j-api/2.0.9/slf4j-api-2.0.9.jar:/Users/mawenban/tools/apache-maven-3.9.9/mvn_repo/jakarta/xml/bind/jakarta.xml.bind-api/4.0.1/jakarta.xml.bind-api-4.0.1.jar:/Users/mawenban/tools/apache-maven-3.9.9/mvn_repo/jakarta/activation/jakarta.activation-api/2.1.2/jakarta.activation-api-2.1.2.jar:/Users/mawenban/tools/apache-maven-3.9.9/mvn_repo/net/minidev/json-smart/2.4.11/json-smart-2.4.11.jar:/Users/mawenban/tools/apache-maven-3.9.9/mvn_repo/net/minidev/accessors-smart/2.4.11/accessors-smart-2.4.11.jar:/Users/mawenban/tools/apache-maven-3.9.9/mvn_repo/org/ow2/asm/asm/9.3/asm-9.3.jar:/Users/mawenban/tools/apache-maven-3.9.9/mvn_repo/org/assertj/assertj-core/3.24.2/assertj-core-3.24.2.jar:/Users/mawenban/tools/apache-maven-3.9.9/mvn_repo/net/bytebuddy/byte-buddy/1.14.9/byte-buddy-1.14.9.jar:/Users/mawenban/tools/apache-maven-3.9.9/mvn_repo/org/hamcrest/hamcrest/2.2/hamcrest-2.2.jar:/Users/mawenban/tools/apache-maven-3.9.9/mvn_repo/org/junit/jupiter/junit-jupiter/5.9.3/junit-jupiter-5.9.3.jar:/Users/mawenban/tools/apache-maven-3.9.9/mvn_repo/org/junit/jupiter/junit-jupiter-api/5.9.3/junit-jupiter-api-5.9.3.jar:/Users/mawenban/tools/apache-maven-3.9.9/mvn_repo/org/opentest4j/opentest4j/1.2.0/opentest4j-1.2.0.jar:/Users/mawenban/tools/apache-maven-3.9.9/mvn_repo/org/junit/platform/junit-platform-commons/1.9.3/junit-platform-commons-1.9.3.jar:/Users/mawenban/tools/apache-maven-3.9.9/mvn_repo/org/apiguardian/apiguardian-api/1.1.2/apiguardian-api-1.1.2.jar:/Users/mawenban/tools/apache-maven-3.9.9/mvn_repo/org/junit/jupiter/junit-jupiter-params/5.9.3/junit-jupiter-params-5.9.3.jar:/Users/mawenban/tools/apache-maven-3.9.9/mvn_repo/org/junit/jupiter/junit-jupiter-engine/5.9.3/junit-jupiter-engine-5.9.3.jar:/Users/mawenban/tools/apache-maven-3.9.9/mvn_repo/org/junit/platform/junit-platform-engine/1.9.3/junit-platform-engine-1.9.3.jar:/Users/mawenban/tools/apache-maven-3.9.9/mvn_repo/org/mockito/mockito-core/5.3.1/mockito-core-5.3.1.jar:/Users/mawenban/tools/apache-maven-3.9.9/mvn_repo/net/bytebuddy/byte-buddy-agent/1.14.9/byte-buddy-agent-1.14.9.jar:/Users/mawenban/tools/apache-maven-3.9.9/mvn_repo/org/objenesis/objenesis/3.3/objenesis-3.3.jar:/Users/mawenban/tools/apache-maven-3.9.9/mvn_repo/org/mockito/mockito-junit-jupiter/5.3.1/mockito-junit-jupiter-5.3.1.jar:/Users/mawenban/tools/apache-maven-3.9.9/mvn_repo/org/skyscreamer/jsonassert/1.5.1/jsonassert-1.5.1.jar:/Users/mawenban/tools/apache-maven-3.9.9/mvn_repo/com/vaadin/external/google/android-json/0.0.20131108.vaadin1/android-json-0.0.20131108.vaadin1.jar:/Users/mawenban/tools/apache-maven-3.9.9/mvn_repo/org/springframework/spring-core/6.0.13/spring-core-6.0.13.jar:/Users/mawenban/tools/apache-maven-3.9.9/mvn_repo/org/springframework/spring-jcl/6.0.13/spring-jcl-6.0.13.jar:/Users/mawenban/tools/apache-maven-3.9.9/mvn_repo/org/springframework/spring-test/6.0.13/spring-test-6.0.13.jar:/Users/mawenban/tools/apache-maven-3.9.9/mvn_repo/org/xmlunit/xmlunit-core/2.9.1/xmlunit-core-2.9.1.jar:/Users/mawenban/tools/apache-maven-3.9.9/mvn_repo/org/mybatis/spring/boot/mybatis-spring-boot-starter-test/3.0.4/mybatis-spring-boot-starter-test-3.0.4.jar:/Users/mawenban/tools/apache-maven-3.9.9/mvn_repo/org/mybatis/spring/boot/mybatis-spring-boot-test-autoconfigure/3.0.4/mybatis-spring-boot-test-autoconfigure-3.0.4.jar:/Users/mawenban/tools/apache-maven-3.9.9/mvn_repo/org/springframework/spring-tx/6.0.13/spring-tx-6.0.13.jar:"/>
    <property name="java.vm.vendor" value="Amazon.com Inc."/>
    <property name="sun.arch.data.model" value="64"/>
    <property name="java.vendor.url" value="https://aws.amazon.com/corretto/"/>
    <property name="user.timezone" value="Asia/Shanghai"/>
    <property name="os.name" value="Mac OS X"/>
    <property name="java.vm.specification.version" value="17"/>
    <property name="sun.java.launcher" value="SUN_STANDARD"/>
    <property name="user.country" value="CN"/>
    <property name="sun.boot.library.path" value="/Users/mawenban/Library/Java/JavaVirtualMachines/corretto-17.0.14/Contents/Home/lib"/>
    <property name="sun.java.command" value="/Users/mawenban/Desktop/Yuan/GitHub-res/Baoleme/Baoleme/target/surefire/surefirebooter-20250515163511260_3.jar /Users/mawenban/Desktop/Yuan/GitHub-res/Baoleme/Baoleme/target/surefire 2025-05-15T16-34-50_649-jvmRun1 surefire-20250515163511260_1tmp surefire_0-20250515163511260_2tmp"/>
    <property name="jdk.debug" value="release"/>
    <property name="surefire.test.class.path" value="/Users/mawenban/Desktop/Yuan/GitHub-res/Baoleme/Baoleme/target/test-classes:/Users/mawenban/Desktop/Yuan/GitHub-res/Baoleme/Baoleme/target/classes:/Users/mawenban/tools/apache-maven-3.9.9/mvn_repo/org/springframework/boot/spring-boot-starter-web/3.1.5/spring-boot-starter-web-3.1.5.jar:/Users/mawenban/tools/apache-maven-3.9.9/mvn_repo/org/springframework/boot/spring-boot-starter/3.1.5/spring-boot-starter-3.1.5.jar:/Users/mawenban/tools/apache-maven-3.9.9/mvn_repo/org/springframework/boot/spring-boot/3.1.5/spring-boot-3.1.5.jar:/Users/mawenban/tools/apache-maven-3.9.9/mvn_repo/org/springframework/boot/spring-boot-starter-logging/3.1.5/spring-boot-starter-logging-3.1.5.jar:/Users/mawenban/tools/apache-maven-3.9.9/mvn_repo/ch/qos/logback/logback-classic/1.4.11/logback-classic-1.4.11.jar:/Users/mawenban/tools/apache-maven-3.9.9/mvn_repo/ch/qos/logback/logback-core/1.4.11/logback-core-1.4.11.jar:/Users/mawenban/tools/apache-maven-3.9.9/mvn_repo/org/apache/logging/log4j/log4j-to-slf4j/2.20.0/log4j-to-slf4j-2.20.0.jar:/Users/mawenban/tools/apache-maven-3.9.9/mvn_repo/org/apache/logging/log4j/log4j-api/2.20.0/log4j-api-2.20.0.jar:/Users/mawenban/tools/apache-maven-3.9.9/mvn_repo/org/slf4j/jul-to-slf4j/2.0.9/jul-to-slf4j-2.0.9.jar:/Users/mawenban/tools/apache-maven-3.9.9/mvn_repo/jakarta/annotation/jakarta.annotation-api/2.1.1/jakarta.annotation-api-2.1.1.jar:/Users/mawenban/tools/apache-maven-3.9.9/mvn_repo/org/yaml/snakeyaml/1.33/snakeyaml-1.33.jar:/Users/mawenban/tools/apache-maven-3.9.9/mvn_repo/org/springframework/boot/spring-boot-starter-json/3.1.5/spring-boot-starter-json-3.1.5.jar:/Users/mawenban/tools/apache-maven-3.9.9/mvn_repo/com/fasterxml/jackson/datatype/jackson-datatype-jdk8/2.15.3/jackson-datatype-jdk8-2.15.3.jar:/Users/mawenban/tools/apache-maven-3.9.9/mvn_repo/com/fasterxml/jackson/datatype/jackson-datatype-jsr310/2.15.3/jackson-datatype-jsr310-2.15.3.jar:/Users/mawenban/tools/apache-maven-3.9.9/mvn_repo/com/fasterxml/jackson/module/jackson-module-parameter-names/2.15.3/jackson-module-parameter-names-2.15.3.jar:/Users/mawenban/tools/apache-maven-3.9.9/mvn_repo/org/springframework/boot/spring-boot-starter-tomcat/3.1.5/spring-boot-starter-tomcat-3.1.5.jar:/Users/mawenban/tools/apache-maven-3.9.9/mvn_repo/org/apache/tomcat/embed/tomcat-embed-core/10.1.15/tomcat-embed-core-10.1.15.jar:/Users/mawenban/tools/apache-maven-3.9.9/mvn_repo/org/apache/tomcat/embed/tomcat-embed-el/10.1.15/tomcat-embed-el-10.1.15.jar:/Users/mawenban/tools/apache-maven-3.9.9/mvn_repo/org/apache/tomcat/embed/tomcat-embed-websocket/10.1.15/tomcat-embed-websocket-10.1.15.jar:/Users/mawenban/tools/apache-maven-3.9.9/mvn_repo/org/springframework/spring-web/6.0.13/spring-web-6.0.13.jar:/Users/mawenban/tools/apache-maven-3.9.9/mvn_repo/org/springframework/spring-beans/6.0.13/spring-beans-6.0.13.jar:/Users/mawenban/tools/apache-maven-3.9.9/mvn_repo/io/micrometer/micrometer-observation/1.11.5/micrometer-observation-1.11.5.jar:/Users/mawenban/tools/apache-maven-3.9.9/mvn_repo/io/micrometer/micrometer-commons/1.11.5/micrometer-commons-1.11.5.jar:/Users/mawenban/tools/apache-maven-3.9.9/mvn_repo/org/springframework/spring-webmvc/6.0.13/spring-webmvc-6.0.13.jar:/Users/mawenban/tools/apache-maven-3.9.9/mvn_repo/org/springframework/spring-context/6.0.13/spring-context-6.0.13.jar:/Users/mawenban/tools/apache-maven-3.9.9/mvn_repo/org/springframework/spring-expression/6.0.13/spring-expression-6.0.13.jar:/Users/mawenban/tools/apache-maven-3.9.9/mvn_repo/com/baomidou/mybatis-plus-boot-starter/3.5.3.1/mybatis-plus-boot-starter-3.5.3.1.jar:/Users/mawenban/tools/apache-maven-3.9.9/mvn_repo/com/baomidou/mybatis-plus/3.5.3.1/mybatis-plus-3.5.3.1.jar:/Users/mawenban/tools/apache-maven-3.9.9/mvn_repo/com/baomidou/mybatis-plus-extension/3.5.3.1/mybatis-plus-extension-3.5.3.1.jar:/Users/mawenban/tools/apache-maven-3.9.9/mvn_repo/com/baomidou/mybatis-plus-core/3.5.3.1/mybatis-plus-core-3.5.3.1.jar:/Users/mawenban/tools/apache-maven-3.9.9/mvn_repo/com/baomidou/mybatis-plus-annotation/3.5.3.1/mybatis-plus-annotation-3.5.3.1.jar:/Users/mawenban/tools/apache-maven-3.9.9/mvn_repo/com/github/jsqlparser/jsqlparser/4.4/jsqlparser-4.4.jar:/Users/mawenban/tools/apache-maven-3.9.9/mvn_repo/org/mybatis/mybatis/3.5.10/mybatis-3.5.10.jar:/Users/mawenban/tools/apache-maven-3.9.9/mvn_repo/org/mybatis/mybatis-spring/2.0.7/mybatis-spring-2.0.7.jar:/Users/mawenban/tools/apache-maven-3.9.9/mvn_repo/org/springframework/boot/spring-boot-autoconfigure/3.1.5/spring-boot-autoconfigure-3.1.5.jar:/Users/mawenban/tools/apache-maven-3.9.9/mvn_repo/org/springframework/boot/spring-boot-starter-jdbc/3.1.5/spring-boot-starter-jdbc-3.1.5.jar:/Users/mawenban/tools/apache-maven-3.9.9/mvn_repo/com/zaxxer/HikariCP/5.0.1/HikariCP-5.0.1.jar:/Users/mawenban/tools/apache-maven-3.9.9/mvn_repo/org/springframework/spring-jdbc/6.0.13/spring-jdbc-6.0.13.jar:/Users/mawenban/tools/apache-maven-3.9.9/mvn_repo/com/mysql/mysql-connector-j/8.0.33/mysql-connector-j-8.0.33.jar:/Users/mawenban/tools/apache-maven-3.9.9/mvn_repo/io/jsonwebtoken/jjwt/0.9.1/jjwt-0.9.1.jar:/Users/mawenban/tools/apache-maven-3.9.9/mvn_repo/com/fasterxml/jackson/core/jackson-databind/2.15.3/jackson-databind-2.15.3.jar:/Users/mawenban/tools/apache-maven-3.9.9/mvn_repo/com/fasterxml/jackson/core/jackson-annotations/2.15.3/jackson-annotations-2.15.3.jar:/Users/mawenban/tools/apache-maven-3.9.9/mvn_repo/com/fasterxml/jackson/core/jackson-core/2.15.3/jackson-core-2.15.3.jar:/Users/mawenban/tools/apache-maven-3.9.9/mvn_repo/org/springframework/boot/spring-boot-starter-security/3.1.5/spring-boot-starter-security-3.1.5.jar:/Users/mawenban/tools/apache-maven-3.9.9/mvn_repo/org/springframework/spring-aop/6.0.13/spring-aop-6.0.13.jar:/Users/mawenban/tools/apache-maven-3.9.9/mvn_repo/org/springframework/security/spring-security-config/6.1.5/spring-security-config-6.1.5.jar:/Users/mawenban/tools/apache-maven-3.9.9/mvn_repo/org/springframework/security/spring-security-core/6.1.5/spring-security-core-6.1.5.jar:/Users/mawenban/tools/apache-maven-3.9.9/mvn_repo/org/springframework/security/spring-security-crypto/6.1.5/spring-security-crypto-6.1.5.jar:/Users/mawenban/tools/apache-maven-3.9.9/mvn_repo/org/springframework/security/spring-security-web/6.1.5/spring-security-web-6.1.5.jar:/Users/mawenban/tools/apache-maven-3.9.9/mvn_repo/org/projectlombok/lombok/1.18.30/lombok-1.18.30.jar:/Users/mawenban/tools/apache-maven-3.9.9/mvn_repo/org/springframework/boot/spring-boot-starter-test/3.1.5/spring-boot-starter-test-3.1.5.jar:/Users/mawenban/tools/apache-maven-3.9.9/mvn_repo/org/springframework/boot/spring-boot-test/3.1.5/spring-boot-test-3.1.5.jar:/Users/mawenban/tools/apache-maven-3.9.9/mvn_repo/org/springframework/boot/spring-boot-test-autoconfigure/3.1.5/spring-boot-test-autoconfigure-3.1.5.jar:/Users/mawenban/tools/apache-maven-3.9.9/mvn_repo/com/jayway/jsonpath/json-path/2.8.0/json-path-2.8.0.jar:/Users/mawenban/tools/apache-maven-3.9.9/mvn_repo/org/slf4j/slf4j-api/2.0.9/slf4j-api-2.0.9.jar:/Users/mawenban/tools/apache-maven-3.9.9/mvn_repo/jakarta/xml/bind/jakarta.xml.bind-api/4.0.1/jakarta.xml.bind-api-4.0.1.jar:/Users/mawenban/tools/apache-maven-3.9.9/mvn_repo/jakarta/activation/jakarta.activation-api/2.1.2/jakarta.activation-api-2.1.2.jar:/Users/mawenban/tools/apache-maven-3.9.9/mvn_repo/net/minidev/json-smart/2.4.11/json-smart-2.4.11.jar:/Users/mawenban/tools/apache-maven-3.9.9/mvn_repo/net/minidev/accessors-smart/2.4.11/accessors-smart-2.4.11.jar:/Users/mawenban/tools/apache-maven-3.9.9/mvn_repo/org/ow2/asm/asm/9.3/asm-9.3.jar:/Users/mawenban/tools/apache-maven-3.9.9/mvn_repo/org/assertj/assertj-core/3.24.2/assertj-core-3.24.2.jar:/Users/mawenban/tools/apache-maven-3.9.9/mvn_repo/net/bytebuddy/byte-buddy/1.14.9/byte-buddy-1.14.9.jar:/Users/mawenban/tools/apache-maven-3.9.9/mvn_repo/org/hamcrest/hamcrest/2.2/hamcrest-2.2.jar:/Users/mawenban/tools/apache-maven-3.9.9/mvn_repo/org/junit/jupiter/junit-jupiter/5.9.3/junit-jupiter-5.9.3.jar:/Users/mawenban/tools/apache-maven-3.9.9/mvn_repo/org/junit/jupiter/junit-jupiter-api/5.9.3/junit-jupiter-api-5.9.3.jar:/Users/mawenban/tools/apache-maven-3.9.9/mvn_repo/org/opentest4j/opentest4j/1.2.0/opentest4j-1.2.0.jar:/Users/mawenban/tools/apache-maven-3.9.9/mvn_repo/org/junit/platform/junit-platform-commons/1.9.3/junit-platform-commons-1.9.3.jar:/Users/mawenban/tools/apache-maven-3.9.9/mvn_repo/org/apiguardian/apiguardian-api/1.1.2/apiguardian-api-1.1.2.jar:/Users/mawenban/tools/apache-maven-3.9.9/mvn_repo/org/junit/jupiter/junit-jupiter-params/5.9.3/junit-jupiter-params-5.9.3.jar:/Users/mawenban/tools/apache-maven-3.9.9/mvn_repo/org/junit/jupiter/junit-jupiter-engine/5.9.3/junit-jupiter-engine-5.9.3.jar:/Users/mawenban/tools/apache-maven-3.9.9/mvn_repo/org/junit/platform/junit-platform-engine/1.9.3/junit-platform-engine-1.9.3.jar:/Users/mawenban/tools/apache-maven-3.9.9/mvn_repo/org/mockito/mockito-core/5.3.1/mockito-core-5.3.1.jar:/Users/mawenban/tools/apache-maven-3.9.9/mvn_repo/net/bytebuddy/byte-buddy-agent/1.14.9/byte-buddy-agent-1.14.9.jar:/Users/mawenban/tools/apache-maven-3.9.9/mvn_repo/org/objenesis/objenesis/3.3/objenesis-3.3.jar:/Users/mawenban/tools/apache-maven-3.9.9/mvn_repo/org/mockito/mockito-junit-jupiter/5.3.1/mockito-junit-jupiter-5.3.1.jar:/Users/mawenban/tools/apache-maven-3.9.9/mvn_repo/org/skyscreamer/jsonassert/1.5.1/jsonassert-1.5.1.jar:/Users/mawenban/tools/apache-maven-3.9.9/mvn_repo/com/vaadin/external/google/android-json/0.0.20131108.vaadin1/android-json-0.0.20131108.vaadin1.jar:/Users/mawenban/tools/apache-maven-3.9.9/mvn_repo/org/springframework/spring-core/6.0.13/spring-core-6.0.13.jar:/Users/mawenban/tools/apache-maven-3.9.9/mvn_repo/org/springframework/spring-jcl/6.0.13/spring-jcl-6.0.13.jar:/Users/mawenban/tools/apache-maven-3.9.9/mvn_repo/org/springframework/spring-test/6.0.13/spring-test-6.0.13.jar:/Users/mawenban/tools/apache-maven-3.9.9/mvn_repo/org/xmlunit/xmlunit-core/2.9.1/xmlunit-core-2.9.1.jar:/Users/mawenban/tools/apache-maven-3.9.9/mvn_repo/org/mybatis/spring/boot/mybatis-spring-boot-starter-test/3.0.4/mybatis-spring-boot-starter-test-3.0.4.jar:/Users/mawenban/tools/apache-maven-3.9.9/mvn_repo/org/mybatis/spring/boot/mybatis-spring-boot-test-autoconfigure/3.0.4/mybatis-spring-boot-test-autoconfigure-3.0.4.jar:/Users/mawenban/tools/apache-maven-3.9.9/mvn_repo/org/springframework/spring-tx/6.0.13/spring-tx-6.0.13.jar:"/>
    <property name="sun.cpu.endian" value="little"/>
    <property name="user.home" value="/Users/mawenban"/>
    <property name="user.language" value="zh"/>
    <property name="java.specification.vendor" value="Oracle Corporation"/>
    <property name="java.version.date" value="2025-01-21"/>
    <property name="java.home" value="/Users/mawenban/Library/Java/JavaVirtualMachines/corretto-17.0.14/Contents/Home"/>
    <property name="file.separator" value="/"/>
    <property name="basedir" value="/Users/mawenban/Desktop/Yuan/GitHub-res/Baoleme/Baoleme"/>
    <property name="java.vm.compressedOopsMode" value="Zero based"/>
    <property name="line.separator" value="&#10;"/>
    <property name="java.vm.specification.vendor" value="Oracle Corporation"/>
    <property name="java.specification.name" value="Java Platform API Specification"/>
    <property name="FILE_LOG_CHARSET" value="UTF-8"/>
    <property name="java.awt.headless" value="true"/>
    <property name="surefire.real.class.path" value="/Users/mawenban/Desktop/Yuan/GitHub-res/Baoleme/Baoleme/target/surefire/surefirebooter-20250515163511260_3.jar"/>
    <property name="user.script" value="Hans"/>
    <property name="sun.management.compiler" value="HotSpot 64-Bit Tiered Compilers"/>
    <property name="java.runtime.version" value="17.0.14+7-LTS"/>
    <property name="user.name" value="mawenban"/>
    <property name="path.separator" value=":"/>
    <property name="os.version" value="15.4.1"/>
    <property name="java.runtime.name" value="OpenJDK Runtime Environment"/>
    <property name="file.encoding" value="UTF-8"/>
    <property name="java.vm.name" value="OpenJDK 64-Bit Server VM"/>
    <property name="java.vendor.version" value="Corretto-17.0.14.7.1"/>
    <property name="localRepository" value="/Users/mawenban/tools/apache-maven-3.9.9/mvn_repo"/>
    <property name="java.vendor.url.bug" value="https://github.com/corretto/corretto-17/issues/"/>
    <property name="java.io.tmpdir" value="/var/folders/m6/j67s9xf50h36bhlyyqj9lptc0000gn/T/"/>
    <property name="idea.version" value="2024.1.7"/>
    <property name="java.version" value="17.0.14"/>
    <property name="user.dir" value="/Users/mawenban/Desktop/Yuan/GitHub-res/Baoleme/Baoleme"/>
    <property name="os.arch" value="aarch64"/>
    <property name="java.vm.specification.name" value="Java Virtual Machine Specification"/>
    <property name="PID" value="11913"/>
    <property name="CONSOLE_LOG_CHARSET" value="UTF-8"/>
    <property name="native.encoding" value="UTF-8"/>
    <property name="java.library.path" value="/Users/mawenban/Library/Java/Extensions:/Library/Java/Extensions:/Network/Library/Java/Extensions:/System/Library/Java/Extensions:/usr/lib/java:."/>
    <property name="java.vm.info" value="mixed mode, sharing"/>
    <property name="java.vendor" value="Amazon.com Inc."/>
    <property name="java.vm.version" value="17.0.14+7-LTS"/>
    <property name="java.specification.maintenance.version" value="1"/>
    <property name="sun.io.unicode.encoding" value="UnicodeBig"/>
    <property name="java.class.version" value="61.0"/>
  </properties>
  <testcase name="contextLoads" classname="org.demo.baoleme.BaolemeApplicationTests" time="0.369">
    <system-out><![CDATA[16:35:11.635 [main] INFO org.springframework.test.context.support.AnnotationConfigContextLoaderUtils -- Could not detect default configuration classes for test class [org.demo.baoleme.BaolemeApplicationTests]: BaolemeApplicationTests does not declare any static, non-private, non-final, nested classes annotated with @Configuration.
16:35:11.673 [main] INFO org.springframework.boot.test.context.SpringBootTestContextBootstrapper -- Found @SpringBootConfiguration org.demo.baoleme.BaolemeApplication for test class org.demo.baoleme.BaolemeApplicationTests

  .   ____          _            __ _ _
 /\\ / ___'_ __ _ _(_)_ __  __ _ \ \ \ \
( ( )\___ | '_ | '_| | '_ \/ _` | \ \ \ \
 \\/  ___)| |_)| | | | | || (_| |  ) ) ) )
  '  |____| .__|_| |_|_| |_\__, | / / / /
 =========|_|==============|___/=/_/_/_/
 :: Spring Boot ::                (v3.1.5)

2025-05-15T16:35:11.829+08:00  INFO 11913 --- [           main] o.demo.baoleme.BaolemeApplicationTests   : Starting BaolemeApplicationTests using Java 17.0.14 with PID 11913 (started by mawenban in /Users/mawenban/Desktop/Yuan/GitHub-res/Baoleme/Baoleme)
2025-05-15T16:35:11.829+08:00  INFO 11913 --- [           main] o.demo.baoleme.BaolemeApplicationTests   : No active profile set, falling back to 1 default profile: "default"
 _ _   |_  _ _|_. ___ _ |    _ 
| | |\/|_)(_| | |_\  |_)||_|_\ 
     /               |         
                        3.5.3.1 
2025-05-15T16:35:12.472+08:00  WARN 11913 --- [           main] .s.s.UserDetailsServiceAutoConfiguration : 

Using generated security password: a74b4020-f803-4260-b973-198618a9955a

This generated password is for development use only. Your security configuration must be updated before running your application in production.

2025-05-15T16:35:12.530+08:00  INFO 11913 --- [           main] o.s.s.web.DefaultSecurityFilterChain     : Will secure any request with [org.springframework.security.web.session.DisableEncodeUrlFilter@57cabdc3, org.springframework.security.web.context.request.async.WebAsyncManagerIntegrationFilter@75bd28d, org.springframework.security.web.context.SecurityContextHolderFilter@78b03788, org.springframework.security.web.header.HeaderWriterFilter@120aa40b, org.springframework.security.web.csrf.CsrfFilter@39d77de9, org.springframework.security.web.authentication.logout.LogoutFilter@74a820bf, org.springframework.security.web.authentication.UsernamePasswordAuthenticationFilter@58a3d521, org.springframework.security.web.authentication.ui.DefaultLoginPageGeneratingFilter@7b6141f0, org.springframework.security.web.authentication.ui.DefaultLogoutPageGeneratingFilter@129c4d19, org.springframework.security.web.authentication.www.BasicAuthenticationFilter@79252c83, org.springframework.security.web.savedrequest.RequestCacheAwareFilter@571a663c, org.springframework.security.web.servletapi.SecurityContextHolderAwareRequestFilter@175c5c3a, org.springframework.security.web.authentication.AnonymousAuthenticationFilter@11810917, org.springframework.security.web.access.ExceptionTranslationFilter@236c098, org.springframework.security.web.access.intercept.AuthorizationFilter@4f5f474c]
2025-05-15T16:35:12.550+08:00  INFO 11913 --- [           main] o.demo.baoleme.BaolemeApplicationTests   : Started BaolemeApplicationTests in 0.827 seconds (process running for 1.239)
]]></system-out>
  </testcase>
</testsuite>